INFO: [VRFC 10-2263] Analyzing SystemVerilog file "C:/Users/gurur/final_back/CNN/final.srcs/sources_1/new/argmax.sv" into library xil_defaultlib
INFO: [VRFC 10-311] analyzing module argmax
INFO: [VRFC 10-2263] Analyzing SystemVerilog file "C:/Users/gurur/final_back/CNN/final.srcs/sources_1/new/cnn_layer_6filters.sv" into library xil_defaultlib
INFO: [VRFC 10-311] analyzing module cnn_layer_6filters
INFO: [VRFC 10-2263] Analyzing SystemVerilog file "C:/Users/gurur/final_back/CNN/final.srcs/sources_1/new/conv2d_1filter_mac_5x5.sv" into library xil_defaultlib
INFO: [VRFC 10-311] analyzing module conv2d_1filter_mac_5x5
INFO: [VRFC 10-2263] Analyzing SystemVerilog file "C:/Users/gurur/final_back/CNN/final.srcs/sources_1/new/conv_layer2.sv" into library xil_defaultlib
INFO: [VRFC 10-311] analyzing module conv_layer2
INFO: [VRFC 10-2263] Analyzing SystemVerilog file "C:/Users/gurur/final_back/CNN/final.srcs/sources_1/new/fc_400x120_120mac_pipeline.sv" into library xil_defaultlib
INFO: [VRFC 10-311] analyzing module fc_400x120_120mac_pipeline
INFO: [VRFC 10-2263] Analyzing SystemVerilog file "C:/Users/gurur/final_back/CNN/final.srcs/sources_1/new/line_buffer_2x2.sv" into library xil_defaultlib
INFO: [VRFC 10-311] analyzing module line_buffer_2x2
INFO: [VRFC 10-2263] Analyzing SystemVerilog file "C:/Users/gurur/final_back/CNN/final.srcs/sources_1/new/line_buffer_5x5.sv" into library xil_defaultlib
INFO: [VRFC 10-311] analyzing module line_buffer_5x5
INFO: [VRFC 10-2263] Analyzing SystemVerilog file "C:/Users/gurur/final_back/CNN/final.srcs/sources_1/new/maxpool2x2_stride2.sv" into library xil_defaultlib
INFO: [VRFC 10-311] analyzing module maxpool2x2_stride2
INFO: [VRFC 10-2263] Analyzing SystemVerilog file "C:/Users/gurur/final_back/CNN/final.srcs/sources_1/new/maxpool_to_fc_buffer.sv" into library xil_defaultlib
INFO: [VRFC 10-311] analyzing module maxpool_to_fc_buffer
INFO: [VRFC 10-2263] Analyzing SystemVerilog file "C:/Users/gurur/final_back/CNN/final.srcs/sources_1/new/relu_reg.sv" into library xil_defaultlib
INFO: [VRFC 10-311] analyzing module relu_reg
INFO: [VRFC 10-2263] Analyzing SystemVerilog file "C:/Users/gurur/final_back/CNN/final.srcs/sources_1/new/tb_cnn_layer_6filters.sv" into library xil_defaultlib
INFO: [VRFC 10-311] analyzing module tb_cnn_layer_6filters
